<?xml version="1.0" encoding="UTF-8"?>
<!-- Generated by org.testng.reporters.JUnitReportReporter -->
<testsuite hostname="LAPTOP-CA349MM8" failures="0" tests="1" name="testCases.TC001_AccounRegistrationTest" time="2.202" errors="0" timestamp="2024-09-04T18:46:22 IST" skipped="0">
  <testcase classname="testCases.TC001_AccounRegistrationTest" name="Verify_Account_Registrtion" time="2.202"/>
</testsuite> <!-- testCases.TC001_AccounRegistrationTest -->
